#! /c/Source/iverilog-install/bin/vvp
:ivl_version "12.0 (devel)" "(s20150603-1110-g18392a46)";
:ivl_delay_selection "TYPICAL";
:vpi_time_precision + 0;
:vpi_module "D:\iverilog\lib\ivl\system.vpi";
:vpi_module "D:\iverilog\lib\ivl\vhdl_sys.vpi";
:vpi_module "D:\iverilog\lib\ivl\vhdl_textio.vpi";
:vpi_module "D:\iverilog\lib\ivl\v2005_math.vpi";
:vpi_module "D:\iverilog\lib\ivl\va_math.vpi";
S_0000028a207fbd40 .scope module, "alu" "alu" 2 1;
 .timescale 0 0;
    .port_info 0 /INPUT 16 "x";
    .port_info 1 /INPUT 16 "y";
    .port_info 2 /OUTPUT 16 "z";
    .port_info 3 /OUTPUT 1 "sign";
    .port_info 4 /OUTPUT 1 "zero";
    .port_info 5 /OUTPUT 1 "overflow";
    .port_info 6 /OUTPUT 1 "carry";
    .port_info 7 /OUTPUT 1 "parity";
L_0000028a207fbed0 .functor XNOR 1, L_0000028a207201b0, L_0000028a20720570, C4<0>, C4<0>;
L_0000028a207fbf40 .functor XOR 1, L_0000028a20720250, L_0000028a20721bf0, C4<0>, C4<0>;
L_0000028a207f67e0 .functor AND 1, L_0000028a207fbed0, L_0000028a207fbf40, C4<1>, C4<1>;
L_0000028a206d2e10 .functor AND 1, L_0000028a20720610, L_0000028a20720390, C4<1>, C4<1>;
L_0000028a206d2da0 .functor NOT 1, L_0000028a207206b0, C4<0>, C4<0>, C4<0>;
L_0000028a206d2e80 .functor AND 1, L_0000028a20720430, L_0000028a206d2da0, C4<1>, C4<1>;
L_0000028a206d2ef0 .functor OR 1, L_0000028a206d2e10, L_0000028a206d2e80, C4<0>, C4<0>;
L_0000028a206d2f60 .functor NOT 1, L_0000028a20721150, C4<0>, C4<0>, C4<0>;
L_0000028a206d2be0 .functor AND 1, L_0000028a20721970, L_0000028a206d2f60, C4<1>, C4<1>;
L_0000028a206d2fd0 .functor OR 1, L_0000028a206d2ef0, L_0000028a206d2be0, C4<0>, C4<0>;
L_0000028a20722080 .functor BUFT 1, C4<0>, C4<0>, C4<0>, C4<0>;
v0000028a206c5eb0_0 .net *"_ivl_10", 0 0, L_0000028a20722080;  1 drivers
v0000028a206c5ff0_0 .net *"_ivl_11", 16 0, L_0000028a20720070;  1 drivers
v0000028a206c6130_0 .net *"_ivl_18", 0 0, L_0000028a207201b0;  1 drivers
v0000028a206c61d0_0 .net *"_ivl_20", 0 0, L_0000028a20720570;  1 drivers
v0000028a206c6270_0 .net *"_ivl_21", 0 0, L_0000028a207fbed0;  1 drivers
v0000028a206c5690_0 .net *"_ivl_24", 0 0, L_0000028a20720250;  1 drivers
v0000028a206c6310_0 .net *"_ivl_26", 0 0, L_0000028a20721bf0;  1 drivers
v0000028a206c63b0_0 .net *"_ivl_27", 0 0, L_0000028a207fbf40;  1 drivers
v0000028a206c64f0_0 .net *"_ivl_3", 16 0, L_0000028a207210b0;  1 drivers
v0000028a206c6590_0 .net *"_ivl_32", 0 0, L_0000028a20720610;  1 drivers
v0000028a206c5730_0 .net *"_ivl_34", 0 0, L_0000028a20720390;  1 drivers
v0000028a20720110_0 .net *"_ivl_36", 0 0, L_0000028a206d2e10;  1 drivers
v0000028a20720d90_0 .net *"_ivl_38", 0 0, L_0000028a20720430;  1 drivers
v0000028a20720a70_0 .net *"_ivl_40", 0 0, L_0000028a207206b0;  1 drivers
v0000028a20721b50_0 .net *"_ivl_41", 0 0, L_0000028a206d2da0;  1 drivers
v0000028a20721a10_0 .net *"_ivl_44", 0 0, L_0000028a206d2e80;  1 drivers
v0000028a20720b10_0 .net *"_ivl_46", 0 0, L_0000028a206d2ef0;  1 drivers
v0000028a207216f0_0 .net *"_ivl_48", 0 0, L_0000028a20721970;  1 drivers
v0000028a20721330_0 .net *"_ivl_50", 0 0, L_0000028a20721150;  1 drivers
v0000028a20721d30_0 .net *"_ivl_51", 0 0, L_0000028a206d2f60;  1 drivers
v0000028a20720e30_0 .net *"_ivl_54", 0 0, L_0000028a206d2be0;  1 drivers
L_0000028a20722038 .functor BUFT 1, C4<0>, C4<0>, C4<0>, C4<0>;
v0000028a20720bb0_0 .net *"_ivl_6", 0 0, L_0000028a20722038;  1 drivers
v0000028a20720c50_0 .net *"_ivl_7", 16 0, L_0000028a207213d0;  1 drivers
RS_0000028a206d73f8 .resolv tri, L_0000028a207204d0, L_0000028a206d2fd0;
v0000028a20721e70_0 .net8 "carry", 0 0, RS_0000028a206d73f8;  2 drivers
v0000028a20720890_0 .net "overflow", 0 0, L_0000028a207f67e0;  1 drivers
v0000028a20721510_0 .net "parity", 0 0, L_0000028a207211f0;  1 drivers
v0000028a20721c90_0 .net "sign", 0 0, L_0000028a207202f0;  1 drivers
o0000028a206d74b8 .functor BUFZ 16, C4<zzzzzzzzzzzzzzzz>; HiZ drive
v0000028a20720cf0_0 .net "x", 15 0, o0000028a206d74b8;  0 drivers
o0000028a206d74e8 .functor BUFZ 16, C4<zzzzzzzzzzzzzzzz>; HiZ drive
v0000028a20720750_0 .net "y", 15 0, o0000028a206d74e8;  0 drivers
v0000028a20720ed0_0 .net "z", 15 0, L_0000028a20721010;  1 drivers
v0000028a20720f70_0 .net "zero", 0 0, L_0000028a20721f10;  1 drivers
L_0000028a207204d0 .part L_0000028a20720070, 16, 1;
L_0000028a20721010 .part L_0000028a20720070, 0, 16;
L_0000028a207210b0 .concat [ 16 1 0 0], o0000028a206d74b8, L_0000028a20722038;
L_0000028a207213d0 .concat [ 16 1 0 0], o0000028a206d74e8, L_0000028a20722080;
L_0000028a20720070 .arith/sum 17, L_0000028a207210b0, L_0000028a207213d0;
L_0000028a207202f0 .part L_0000028a20721010, 15, 1;
L_0000028a20721f10 .reduce/nor L_0000028a20721010;
L_0000028a207201b0 .part o0000028a206d74b8, 15, 1;
L_0000028a20720570 .part o0000028a206d74e8, 15, 1;
L_0000028a20720250 .part L_0000028a20721010, 15, 1;
L_0000028a20721bf0 .part o0000028a206d74b8, 15, 1;
L_0000028a20720610 .part o0000028a206d74b8, 15, 1;
L_0000028a20720390 .part o0000028a206d74e8, 15, 1;
L_0000028a20720430 .part o0000028a206d74b8, 15, 1;
L_0000028a207206b0 .part L_0000028a20721010, 15, 1;
L_0000028a20721970 .part o0000028a206d74e8, 15, 1;
L_0000028a20721150 .part L_0000028a20721010, 15, 1;
L_0000028a207211f0 .reduce/xnor L_0000028a20721010;
# The file index is used to find the file name in the following table.
:file_names 3;
    "N/A";
    "<interactive>";
    "Status_flag_Generator_Adder.v";
